#
# There is insufficient memory for the Java Runtime Environment to continue.
# Native memory allocation (mmap) failed to map 58720256 bytes for G1 virtual space
# Possible reasons:
#   The system is out of physical RAM or swap space
#   The process is running with CompressedOops enabled, and the Java Heap may be blocking the growth of the native heap
# Possible solutions:
#   Reduce memory load on the system
#   Increase physical memory or swap space
#   Check if swap backing store is full
#   Decrease Java heap size (-Xmx/-Xms)
#   Decrease number of Java threads
#   Decrease Java thread stack sizes (-Xss)
#   Set larger code cache with -XX:ReservedCodeCacheSize=
#   JVM is running with Unscaled Compressed Oops mode in which the Java heap is
#     placed in the first 4GB address space. The Java Heap base address is the
#     maximum limit for the native heap growth. Please use -XX:HeapBaseMinAddress
#     to set the Java Heap base and to place the Java Heap above 4GB virtual address.
# This output file may be truncated or incomplete.
#
#  Out of Memory Error (os_windows.cpp:3550), pid=13784, tid=17304
#
# JRE version:  (17.0.8+9) (build )
# Java VM: Java HotSpot(TM) 64-Bit Server VM (17.0.8+9-LTS-211, mixed mode, sharing, tiered, compressed oops, compressed class ptrs, g1 gc, windows-amd64)
# No core dump will be written. Minidumps are not enabled by default on client versions of Windows
#

---------------  S U M M A R Y ------------

Command Line: -Dfile.encoding=UTF-8 -Dstdout.encoding=UTF-8 -Dstderr.encoding=UTF-8 -XX:+ShowCodeDetailsInExceptionMessages com.testcases.www.LocatorDemo

Host: AMD Ryzen 3 3250U with Radeon Graphics         , 4 cores, 3G,  Windows 11 , 64 bit Build 22621 (10.0.22621.2506)
Time: Mon Jan  8 11:43:57 2024 India Standard Time elapsed time: 0.039362 seconds (0d 0h 0m 0s)

---------------  T H R E A D  ---------------

Current thread (0x000001bfaeca0850):  JavaThread "Unknown thread" [_thread_in_vm, id=17304, stack(0x0000004244c00000,0x0000004244d00000)]

Stack: [0x0000004244c00000,0x0000004244d00000]
Native frames: (J=compiled Java code, j=interpreted, Vv=VM code, C=native code)
V  [jvm.dll+0x677d0a]
V  [jvm.dll+0x7d8c54]
V  [jvm.dll+0x7da3fe]
V  [jvm.dll+0x7daa63]
V  [jvm.dll+0x245c5f]
V  [jvm.dll+0x674bb9]
V  [jvm.dll+0x6694f2]
V  [jvm.dll+0x3031d6]
V  [jvm.dll+0x30a756]
V  [jvm.dll+0x359f9e]
V  [jvm.dll+0x35a1cf]
V  [jvm.dll+0x2da3e8]
V  [jvm.dll+0x2db354]
V  [jvm.dll+0x7aa711]
V  [jvm.dll+0x367b51]
V  [jvm.dll+0x789979]
V  [jvm.dll+0x3eb05f]
V  [jvm.dll+0x3ecae1]
C  [jli.dll+0x5297]
C  [ucrtbase.dll+0x29363]
C  [KERNEL32.DLL+0x1257d]
C  [ntdll.dll+0x5aa58]


---------------  P R O C E S S  ---------------

Threads class SMR info:
_java_thread_list=0x00007fffdb9459d8, length=0, elements={
}

Java Threads: ( => current thread )

Other Threads:
  0x000001bfaecd6ad0 GCTaskThread "GC Thread#0" [stack: 0x0000004244d00000,0x0000004244e00000] [id=13480]
  0x000001bfaecde690 ConcurrentGCThread "G1 Main Marker" [stack: 0x0000004244e00000,0x0000004244f00000] [id=10144]
  0x000001bfaecdf840 ConcurrentGCThread "G1 Conc#0" [stack: 0x0000004244f00000,0x0000004245000000] [id=16932]

[error occurred during error reporting (printing all threads), id 0xc0000005, EXCEPTION_ACCESS_VIOLATION (0xc0000005) at pc=0x00007fffdb17b047]

VM state: not at safepoint (not fully initialized)

VM Mutex/Monitor currently owned by a thread:  ([mutex/lock_event])
[0x000001bfaec9cca0] Heap_lock - owner thread: 0x000001bfaeca0850

Heap address: 0x00000000c9c00000, size: 868 MB, Compressed Oops mode: 32-bit

CDS archive(s) mapped at: [0x0000000000000000-0x0000000000000000-0x0000000000000000), size 0, SharedBaseAddress: 0x0000000800000000, ArchiveRelocationMode: 1.
Narrow klass base: 0x0000000000000000, Narrow klass shift: 0, Narrow klass range: 0x0

GC Precious Log:
<Empty>

Heap:
 garbage-first heap   total 0K, used 0K [0x00000000c9c00000, 0x0000000100000000)
  region size 1024K, 0 young (0K), 0 survivors (0K)

[error occurred during error reporting (printing heap information), id 0xc0000005, EXCEPTION_ACCESS_VIOLATION (0xc0000005) at pc=0x00007fffdb561499]

GC Heap History (0 events):
No events

Deoptimization events (0 events):
No events

Classes unloaded (0 events):
No events

Classes redefined (0 events):
No events

Internal exceptions (0 events):
No events

VM Operations (0 events):
No events

Events (1 events):
Event: 0.019 Loaded shared library C:\Program Files\Java\jdk-17\bin\java.dll


Dynamic libraries:
0x00007ff7d37e0000 - 0x00007ff7d37f0000 	C:\Program Files\Java\jdk-17\bin\javaw.exe
0x00007ff846cb0000 - 0x00007ff846ec7000 	C:\WINDOWS\SYSTEM32\ntdll.dll
0x00007ff845510000 - 0x00007ff8455d4000 	C:\WINDOWS\System32\KERNEL32.DLL
0x00007ff844490000 - 0x00007ff844836000 	C:\WINDOWS\System32\KERNELBASE.dll
0x00007ff8442b0000 - 0x00007ff8443c1000 	C:\WINDOWS\System32\ucrtbase.dll
0x00007ff835920000 - 0x00007ff83593b000 	C:\Program Files\Java\jdk-17\bin\VCRUNTIME140.dll
0x00007ff8343b0000 - 0x00007ff8343c9000 	C:\Program Files\Java\jdk-17\bin\jli.dll
0x00007ff8466b0000 - 0x00007ff846761000 	C:\WINDOWS\System32\ADVAPI32.dll
0x00007ff845aa0000 - 0x00007ff845b47000 	C:\WINDOWS\System32\msvcrt.dll
0x00007ff845280000 - 0x00007ff845325000 	C:\WINDOWS\System32\sechost.dll
0x00007ff844a00000 - 0x00007ff844b17000 	C:\WINDOWS\System32\RPCRT4.dll
0x00007ff845ca0000 - 0x00007ff845e4e000 	C:\WINDOWS\System32\USER32.dll
0x00007ff82bdf0000 - 0x00007ff82c083000 	C:\WINDOWS\WinSxS\amd64_microsoft.windows.common-controls_6595b64144ccf1df_6.0.22621.2506_none_270c5ae97388e100\COMCTL32.dll
0x00007ff844840000 - 0x00007ff844866000 	C:\WINDOWS\System32\win32u.dll
0x00007ff845250000 - 0x00007ff845279000 	C:\WINDOWS\System32\GDI32.dll
0x00007ff844020000 - 0x00007ff844138000 	C:\WINDOWS\System32\gdi32full.dll
0x00007ff844960000 - 0x00007ff8449fa000 	C:\WINDOWS\System32\msvcp_win.dll
0x00007ff83c800000 - 0x00007ff83c80a000 	C:\WINDOWS\SYSTEM32\VERSION.dll
0x00007ff844e80000 - 0x00007ff844eb1000 	C:\WINDOWS\System32\IMM32.DLL
0x00007ff8343a0000 - 0x00007ff8343ac000 	C:\Program Files\Java\jdk-17\bin\vcruntime140_1.dll
0x00007ff834310000 - 0x00007ff83439e000 	C:\Program Files\Java\jdk-17\bin\msvcp140.dll
0x00007fffdae90000 - 0x00007fffdba6e000 	C:\Program Files\Java\jdk-17\bin\server\jvm.dll
0x00007ff8458f0000 - 0x00007ff8458f8000 	C:\WINDOWS\System32\PSAPI.DLL
0x00007ff834300000 - 0x00007ff834309000 	C:\WINDOWS\SYSTEM32\WSOCK32.dll
0x00007ff8453c0000 - 0x00007ff845431000 	C:\WINDOWS\System32\WS2_32.dll
0x00007ff83c550000 - 0x00007ff83c584000 	C:\WINDOWS\SYSTEM32\WINMM.dll
0x00007ff843020000 - 0x00007ff843038000 	C:\WINDOWS\SYSTEM32\kernel.appcore.dll
0x00007ff8342f0000 - 0x00007ff8342fa000 	C:\Program Files\Java\jdk-17\bin\jimage.dll
0x00007ff834c70000 - 0x00007ff834ea3000 	C:\WINDOWS\SYSTEM32\DBGHELP.DLL
0x00007ff844ec0000 - 0x00007ff845249000 	C:\WINDOWS\System32\combase.dll
0x00007ff845640000 - 0x00007ff845717000 	C:\WINDOWS\System32\OLEAUT32.dll
0x00007ff834990000 - 0x00007ff8349c2000 	C:\WINDOWS\SYSTEM32\dbgcore.DLL
0x00007ff844870000 - 0x00007ff8448ea000 	C:\WINDOWS\System32\bcryptPrimitives.dll
0x00007ff8342c0000 - 0x00007ff8342e5000 	C:\Program Files\Java\jdk-17\bin\java.dll

dbghelp: loaded successfully - version: 4.0.5 - missing functions: none
symbol engine: initialized successfully - sym options: 0x614 - pdb path: .;C:\Program Files\Java\jdk-17\bin;C:\WINDOWS\SYSTEM32;C:\WINDOWS\WinSxS\amd64_microsoft.windows.common-controls_6595b64144ccf1df_6.0.22621.2506_none_270c5ae97388e100;C:\Program Files\Java\jdk-17\bin\server

VM Arguments:
jvm_args: -Dfile.encoding=UTF-8 -Dstdout.encoding=UTF-8 -Dstderr.encoding=UTF-8 -XX:+ShowCodeDetailsInExceptionMessages 
java_command: com.testcases.www.LocatorDemo
java_class_path (initial): C:\Users\Dell\eclipse-workspace\PrachiAutomationMavenProject\target\test-classes;C:\Users\Dell\eclipse-workspace\PrachiAutomationMavenProject\target\classes;C:\Users\Dell\.m2\repository\junit\junit\4.11\junit-4.11.jar;C:\Users\Dell\.m2\repository\org\hamcrest\hamcrest-core\1.3\hamcrest-core-1.3.jar;C:\Users\Dell\.m2\repository\org\seleniumhq\selenium\selenium-java\4.15.0\selenium-java-4.15.0.jar;C:\Users\Dell\.m2\repository\org\seleniumhq\selenium\selenium-api\4.15.0\selenium-api-4.15.0.jar;C:\Users\Dell\.m2\repository\org\seleniumhq\selenium\selenium-chrome-driver\4.15.0\selenium-chrome-driver-4.15.0.jar;C:\Users\Dell\.m2\repository\com\google\auto\service\auto-service-annotations\1.1.1\auto-service-annotations-1.1.1.jar;C:\Users\Dell\.m2\repository\org\seleniumhq\selenium\selenium-chromium-driver\4.15.0\selenium-chromium-driver-4.15.0.jar;C:\Users\Dell\.m2\repository\org\seleniumhq\selenium\selenium-json\4.15.0\selenium-json-4.15.0.jar;C:\Users\Dell\.m2\repository\org\seleniumhq\selenium\selenium-manager\4.15.0\selenium-manager-4.15.0.jar;C:\Users\Dell\.m2\repository\org\seleniumhq\selenium\selenium-devtools-v117\4.15.0\selenium-devtools-v117-4.15.0.jar;C:\Users\Dell\.m2\repository\org\seleniumhq\selenium\selenium-devtools-v118\4.15.0\selenium-devtools-v118-4.15.0.jar;C:\Users\Dell\.m2\repository\org\seleniumhq\selenium\selenium-devtools-v119\4.15.0\selenium-devtools-v119-4.15.0.jar;C:\Users\Dell\.m2\repository\org\seleniumhq\selenium\selenium-devtools-v85\4.15.0\selenium-devtools-v85-4.15.0.jar;C:\Users\Dell\.m2\repository\org\seleniumhq\selenium\selenium-edge-driver\4.15.0\selenium-edge-driver-4.15.0.jar;C:\Users\Dell\.m2\repository\org\seleniumhq\selenium\selenium-firefox-driver\4.15.0\selenium-firefox-driver-4.15.0.jar;C:\Users\Dell\.m2\repository\org\seleniumhq\selenium\selenium-http\4.15.0\selenium-http-4.15.0.jar;C:\Users\Dell\.m2\repository\dev\failsafe\failsafe\3.3.2\failsafe-3.3.2.jar;C:\Users\Dell\.m2\repository\org\selenium
Launcher Type: SUN_STANDARD

[Global flags]
     intx CICompilerCount                          = 3                                         {product} {ergonomic}
     uint ConcGCThreads                            = 1                                         {product} {ergonomic}
     uint G1ConcRefinementThreads                  = 4                                         {product} {ergonomic}
   size_t G1HeapRegionSize                         = 1048576                                   {product} {ergonomic}
    uintx GCDrainStackTargetSize                   = 64                                        {product} {ergonomic}
   size_t InitialHeapSize                          = 58720256                                  {product} {ergonomic}
   size_t MarkStackSize                            = 4194304                                   {product} {ergonomic}
   size_t MaxHeapSize                              = 910163968                                 {product} {ergonomic}
   size_t MinHeapDeltaBytes                        = 1048576                                   {product} {ergonomic}
   size_t MinHeapSize                              = 8388608                                   {product} {ergonomic}
    uintx NonNMethodCodeHeapSize                   = 5832780                                {pd product} {ergonomic}
    uintx NonProfiledCodeHeapSize                  = 122912730                              {pd product} {ergonomic}
    uintx ProfiledCodeHeapSize                     = 122912730                              {pd product} {ergonomic}
    uintx ReservedCodeCacheSize                    = 251658240                              {pd product} {ergonomic}
     bool SegmentedCodeCache                       = true                                      {product} {ergonomic}
     bool ShowCodeDetailsInExceptionMessages       = true                                   {manageable} {command line}
   size_t SoftMaxHeapSize                          = 910163968                              {manageable} {ergonomic}
     bool UseCompressedClassPointers               = true                           {product lp64_product} {ergonomic}
     bool UseCompressedOops                        = true                           {product lp64_product} {ergonomic}
     bool UseG1GC                                  = true                                      {product} {ergonomic}
     bool UseLargePagesIndividualAllocation        = false                                  {pd product} {ergonomic}

Logging:
Log output configuration:
 #0: stdout all=warning uptime,level,tags
 #1: stderr all=off uptime,level,tags

Environment Variables:
JAVA_HOME=C:\Program Files\Java\jdk-17
PATH=C:\Program Files\Common Files\Oracle\Java\javapath;C:\Program Files\Zulu\zulu-11\bin\;C:\WINDOWS\system32;C:\WINDOWS;C:\WINDOWS\System32\Wbem;C:\WINDOWS\System32\WindowsPowerShell\v1.0\;C:\WINDOWS\System32\OpenSSH\;C:\Program Files\dotnet\;C:\Program Files\Java\jdk-17\bin;C:\Program Files\sfdx\bin;C:\Users\Dell\AppData\Local\Programs\Microsoft VS Code\bin;C:\sfdx.exe;;%USERPROFILE%\AppData\Local\Microsoft\WindowsApps
USERNAME=Dell
OS=Windows_NT
PROCESSOR_IDENTIFIER=AMD64 Family 23 Model 24 Stepping 1, AuthenticAMD



---------------  S Y S T E M  ---------------

OS:
 Windows 11 , 64 bit Build 22621 (10.0.22621.2506)
OS uptime: 2 days 10:48 hours

CPU: total 4 (initial active 4) (4 cores per cpu, 2 threads per core) family 23 model 24 stepping 1 microcode 0x0, cx8, cmov, fxsr, ht, mmx, 3dnowpref, sse, sse2, sse3, ssse3, sse4a, sse4.1, sse4.2, popcnt, lzcnt, tsc, tscinvbit, avx, avx2, aes, clmul, bmi1, bmi2, adx, sha, fma, vzeroupper, clflush, clflushopt

Memory: 4k page, system-wide physical 3470M (240M free)
TotalPageFile size 14222M (AvailPageFile size 48M)
current process WorkingSet (physical memory assigned to process): 10M, peak: 10M
current process commit charge ("private bytes"): 51M, peak: 107M

vm_info: Java HotSpot(TM) 64-Bit Server VM (17.0.8+9-LTS-211) for windows-amd64 JRE (17.0.8+9-LTS-211), built on Jun 14 2023 10:34:31 by "mach5one" with MS VC++ 17.1 (VS2022)

END.
