#
# There is insufficient memory for the Java Runtime Environment to continue.
# Native memory allocation (malloc) failed to allocate 32744 bytes for ChunkPool::allocate
# Possible reasons:
#   The system is out of physical RAM or swap space
#   The process is running with CompressedOops enabled, and the Java Heap may be blocking the growth of the native heap
# Possible solutions:
#   Reduce memory load on the system
#   Increase physical memory or swap space
#   Check if swap backing store is full
#   Decrease Java heap size (-Xmx/-Xms)
#   Decrease number of Java threads
#   Decrease Java thread stack sizes (-Xss)
#   Set larger code cache with -XX:ReservedCodeCacheSize=
#   JVM is running with Unscaled Compressed Oops mode in which the Java heap is
#     placed in the first 4GB address space. The Java Heap base address is the
#     maximum limit for the native heap growth. Please use -XX:HeapBaseMinAddress
#     to set the Java Heap base and to place the Java Heap above 4GB virtual address.
# This output file may be truncated or incomplete.
#
#  Out of Memory Error (arena.cpp:78), pid=3316, tid=13268
#
# JRE version: Java(TM) SE Runtime Environment (17.0.8+9) (build 17.0.8+9-LTS-211)
# Java VM: Java HotSpot(TM) 64-Bit Server VM (17.0.8+9-LTS-211, mixed mode, sharing, tiered, compressed oops, compressed class ptrs, g1 gc, windows-amd64)
# No core dump will be written. Minidumps are not enabled by default on client versions of Windows
#

---------------  S U M M A R Y ------------

Command Line: -Dfile.encoding=UTF-8 -Dstdout.encoding=UTF-8 -Dstderr.encoding=UTF-8 -XX:+ShowCodeDetailsInExceptionMessages com.testcases.www.LocatorDemo

Host: AMD Ryzen 3 3250U with Radeon Graphics         , 4 cores, 3G,  Windows 11 , 64 bit Build 22621 (10.0.22621.2506)
Time: Mon Jan  8 11:44:09 2024 India Standard Time elapsed time: 0.492243 seconds (0d 0h 0m 0s)

---------------  T H R E A D  ---------------

Current thread (0x000001ebc513f560):  JavaThread "main" [_thread_in_vm, id=13268, stack(0x0000006e00400000,0x0000006e00500000)]

Stack: [0x0000006e00400000,0x0000006e00500000]
Native frames: (J=compiled Java code, j=interpreted, Vv=VM code, C=native code)
V  [jvm.dll+0x677d0a]
V  [jvm.dll+0x7d8c54]
V  [jvm.dll+0x7da3fe]
V  [jvm.dll+0x7daa63]
V  [jvm.dll+0x245c5f]
V  [jvm.dll+0xaacc0]
V  [jvm.dll+0xab00c]
V  [jvm.dll+0x38b643]
V  [jvm.dll+0x1e2528]
V  [jvm.dll+0x1e1add]
V  [jvm.dll+0x53dde5]
V  [jvm.dll+0x753768]
V  [jvm.dll+0x753854]
V  [jvm.dll+0x40ba4f]
V  [jvm.dll+0x411a69]
C  [java.dll+0x17ec]

Java frames: (J=compiled Java code, j=interpreted, Vv=VM code)
j  java.lang.ClassLoader.defineClass1(Ljava/lang/ClassLoader;Ljava/lang/String;[BIILjava/security/ProtectionDomain;Ljava/lang/String;)Ljava/lang/Class;+0 java.base@17.0.8
j  java.lang.ClassLoader.defineClass(Ljava/lang/String;[BIILjava/security/ProtectionDomain;)Ljava/lang/Class;+27 java.base@17.0.8
j  java.security.SecureClassLoader.defineClass(Ljava/lang/String;[BIILjava/security/CodeSource;)Ljava/lang/Class;+12 java.base@17.0.8
j  jdk.internal.loader.BuiltinClassLoader.defineClass(Ljava/lang/String;Ljdk/internal/loader/Resource;)Ljava/lang/Class;+117 java.base@17.0.8
j  jdk.internal.loader.BuiltinClassLoader.findClassOnClassPathOrNull(Ljava/lang/String;)Ljava/lang/Class;+37 java.base@17.0.8
j  jdk.internal.loader.BuiltinClassLoader.loadClassOrNull(Ljava/lang/String;Z)Ljava/lang/Class;+111 java.base@17.0.8
j  jdk.internal.loader.BuiltinClassLoader.loadClass(Ljava/lang/String;Z)Ljava/lang/Class;+3 java.base@17.0.8
j  jdk.internal.loader.ClassLoaders$AppClassLoader.loadClass(Ljava/lang/String;Z)Ljava/lang/Class;+36 java.base@17.0.8
j  java.lang.ClassLoader.loadClass(Ljava/lang/String;)Ljava/lang/Class;+3 java.base@17.0.8
v  ~StubRoutines::call_stub
j  org.openqa.selenium.net.PortProber.<clinit>()V+10
v  ~StubRoutines::call_stub
j  org.openqa.selenium.remote.service.DriverService$Builder.build()Lorg/openqa/selenium/remote/service/DriverService;+8
j  org.openqa.selenium.chrome.ChromeDriverService.createDefaultService()Lorg/openqa/selenium/chrome/ChromeDriverService;+7
j  org.openqa.selenium.chrome.ChromeDriver.<init>()V+1
j  com.testcases.www.LocatorDemo.main([Ljava/lang/String;)V+4
v  ~StubRoutines::call_stub

---------------  P R O C E S S  ---------------

Threads class SMR info:
_java_thread_list=0x000001ebe4481460, length=13, elements={
0x000001ebc513f560, 0x000001ebc51e67d0, 0x000001ebc51e9650, 0x000001ebc51f8330,
0x000001ebc51f8ee0, 0x000001ebc51fc8b0, 0x000001ebc5208770, 0x000001ebc5209450,
0x000001ebc520a300, 0x000001ebc520d0f0, 0x000001ebe4168590, 0x000001ebe41770d0,
0x000001ebe44ed3e0
}

Java Threads: ( => current thread )
=>0x000001ebc513f560 JavaThread "main" [_thread_in_vm, id=13268, stack(0x0000006e00400000,0x0000006e00500000)]
  0x000001ebc51e67d0 JavaThread "Reference Handler" daemon [_thread_blocked, id=17760, stack(0x0000006e00b00000,0x0000006e00c00000)]
  0x000001ebc51e9650 JavaThread "Finalizer" daemon [_thread_blocked, id=19360, stack(0x0000006e00c00000,0x0000006e00d00000)]
  0x000001ebc51f8330 JavaThread "Signal Dispatcher" daemon [_thread_blocked, id=13484, stack(0x0000006e00d00000,0x0000006e00e00000)]
  0x000001ebc51f8ee0 JavaThread "Attach Listener" daemon [_thread_blocked, id=9852, stack(0x0000006e00e00000,0x0000006e00f00000)]
  0x000001ebc51fc8b0 JavaThread "Service Thread" daemon [_thread_blocked, id=11496, stack(0x0000006e00f00000,0x0000006e01000000)]
  0x000001ebc5208770 JavaThread "Monitor Deflation Thread" daemon [_thread_blocked, id=7840, stack(0x0000006e01000000,0x0000006e01100000)]
  0x000001ebc5209450 JavaThread "C2 CompilerThread0" daemon [_thread_in_native, id=2468, stack(0x0000006e01100000,0x0000006e01200000)]
  0x000001ebc520a300 JavaThread "C1 CompilerThread0" daemon [_thread_in_native, id=8708, stack(0x0000006e01200000,0x0000006e01300000)]
  0x000001ebc520d0f0 JavaThread "Sweeper thread" daemon [_thread_blocked, id=17352, stack(0x0000006e01300000,0x0000006e01400000)]
  0x000001ebe4168590 JavaThread "Notification Thread" daemon [_thread_blocked, id=18384, stack(0x0000006e01400000,0x0000006e01500000)]
  0x000001ebe41770d0 JavaThread "Common-Cleaner" daemon [_thread_blocked, id=18876, stack(0x0000006e01600000,0x0000006e01700000)]
  0x000001ebe44ed3e0 JavaThread "C2 CompilerThread1" daemon [_thread_in_native, id=12996, stack(0x0000006e01700000,0x0000006e01800000)]

Other Threads:
  0x000001ebc51e2be0 VMThread "VM Thread" [stack: 0x0000006e00a00000,0x0000006e00b00000] [id=11072]
  0x000001ebe416ae70 WatcherThread [stack: 0x0000006e01500000,0x0000006e01600000] [id=17400]
  0x000001ebc5177060 GCTaskThread "GC Thread#0" [stack: 0x0000006e00500000,0x0000006e00600000] [id=6580]
  0x000001ebc517f3c0 ConcurrentGCThread "G1 Main Marker" [stack: 0x0000006e00600000,0x0000006e00700000] [id=10752]
  0x000001ebc51811e0 ConcurrentGCThread "G1 Conc#0" [stack: 0x0000006e00700000,0x0000006e00800000] [id=18288]
  0x000001ebc51bf430 ConcurrentGCThread "G1 Refine#0" [stack: 0x0000006e00800000,0x0000006e00900000] [id=16020]
  0x000001ebc51c0e60 ConcurrentGCThread "G1 Service" [stack: 0x0000006e00900000,0x0000006e00a00000] [id=7548]

Threads with active compile tasks:
C2 CompilerThread0      524  329       4       java.lang.String::startsWith (138 bytes)
C1 CompilerThread0      525  333       3       java.net.URLStreamHandler::parseURL (1201 bytes)
C2 CompilerThread1      525  341       4       java.lang.StringLatin1::lastIndexOf (40 bytes)

VM state: not at safepoint (normal execution)

VM Mutex/Monitor currently owned by a thread: None

Heap address: 0x00000000c9c00000, size: 868 MB, Compressed Oops mode: 32-bit

CDS archive(s) mapped at: [0x000001eb80000000-0x000001eb80bd0000-0x000001eb80bd0000), size 12386304, SharedBaseAddress: 0x000001eb80000000, ArchiveRelocationMode: 1.
Compressed class space mapped at: 0x000001eb81000000-0x000001ebc1000000, reserved size: 1073741824
Narrow klass base: 0x000001eb80000000, Narrow klass shift: 0, Narrow klass range: 0x100000000

GC Precious Log:
 CPUs: 4 total, 4 available
 Memory: 3470M
 Large Page Support: Disabled
 NUMA Support: Disabled
 Compressed Oops: Enabled (32-bit)
 Heap Region Size: 1M
 Heap Min Capacity: 8M
 Heap Initial Capacity: 56M
 Heap Max Capacity: 868M
 Pre-touch: Disabled
 Parallel Workers: 4
 Concurrent Workers: 1
 Concurrent Refinement Workers: 4
 Periodic GC: Disabled

Heap:
 garbage-first heap   total 57344K, used 3072K [0x00000000c9c00000, 0x0000000100000000)
  region size 1024K, 5 young (5120K), 0 survivors (0K)
 Metaspace       used 716K, committed 896K, reserved 1114112K
  class space    used 70K, committed 128K, reserved 1048576K

Heap Regions: E=young(eden), S=young(survivor), O=old, HS=humongous(starts), HC=humongous(continues), CS=collection set, F=free, OA=open archive, CA=closed archive, TAMS=top-at-mark-start (previous, next)
|   0|0x00000000c9c00000, 0x00000000c9c00000, 0x00000000c9d00000|  0%| F|  |TAMS 0x00000000c9c00000, 0x00000000c9c00000| Untracked 
|   1|0x00000000c9d00000, 0x00000000c9d00000, 0x00000000c9e00000|  0%| F|  |TAMS 0x00000000c9d00000, 0x00000000c9d00000| Untracked 
|   2|0x00000000c9e00000, 0x00000000c9e00000, 0x00000000c9f00000|  0%| F|  |TAMS 0x00000000c9e00000, 0x00000000c9e00000| Untracked 
|   3|0x00000000c9f00000, 0x00000000c9f00000, 0x00000000ca000000|  0%| F|  |TAMS 0x00000000c9f00000, 0x00000000c9f00000| Untracked 
|   4|0x00000000ca000000, 0x00000000ca000000, 0x00000000ca100000|  0%| F|  |TAMS 0x00000000ca000000, 0x00000000ca000000| Untracked 
|   5|0x00000000ca100000, 0x00000000ca100000, 0x00000000ca200000|  0%| F|  |TAMS 0x00000000ca100000, 0x00000000ca100000| Untracked 
|   6|0x00000000ca200000, 0x00000000ca200000, 0x00000000ca300000|  0%| F|  |TAMS 0x00000000ca200000, 0x00000000ca200000| Untracked 
|   7|0x00000000ca300000, 0x00000000ca300000, 0x00000000ca400000|  0%| F|  |TAMS 0x00000000ca300000, 0x00000000ca300000| Untracked 
|   8|0x00000000ca400000, 0x00000000ca400000, 0x00000000ca500000|  0%| F|  |TAMS 0x00000000ca400000, 0x00000000ca400000| Untracked 
|   9|0x00000000ca500000, 0x00000000ca500000, 0x00000000ca600000|  0%| F|  |TAMS 0x00000000ca500000, 0x00000000ca500000| Untracked 
|  10|0x00000000ca600000, 0x00000000ca600000, 0x00000000ca700000|  0%| F|  |TAMS 0x00000000ca600000, 0x00000000ca600000| Untracked 
|  11|0x00000000ca700000, 0x00000000ca700000, 0x00000000ca800000|  0%| F|  |TAMS 0x00000000ca700000, 0x00000000ca700000| Untracked 
|  12|0x00000000ca800000, 0x00000000ca800000, 0x00000000ca900000|  0%| F|  |TAMS 0x00000000ca800000, 0x00000000ca800000| Untracked 
|  13|0x00000000ca900000, 0x00000000ca900000, 0x00000000caa00000|  0%| F|  |TAMS 0x00000000ca900000, 0x00000000ca900000| Untracked 
|  14|0x00000000caa00000, 0x00000000caa00000, 0x00000000cab00000|  0%| F|  |TAMS 0x00000000caa00000, 0x00000000caa00000| Untracked 
|  15|0x00000000cab00000, 0x00000000cab00000, 0x00000000cac00000|  0%| F|  |TAMS 0x00000000cab00000, 0x00000000cab00000| Untracked 
|  16|0x00000000cac00000, 0x00000000cac00000, 0x00000000cad00000|  0%| F|  |TAMS 0x00000000cac00000, 0x00000000cac00000| Untracked 
|  17|0x00000000cad00000, 0x00000000cad00000, 0x00000000cae00000|  0%| F|  |TAMS 0x00000000cad00000, 0x00000000cad00000| Untracked 
|  18|0x00000000cae00000, 0x00000000cae00000, 0x00000000caf00000|  0%| F|  |TAMS 0x00000000cae00000, 0x00000000cae00000| Untracked 
|  19|0x00000000caf00000, 0x00000000caf00000, 0x00000000cb000000|  0%| F|  |TAMS 0x00000000caf00000, 0x00000000caf00000| Untracked 
|  20|0x00000000cb000000, 0x00000000cb000000, 0x00000000cb100000|  0%| F|  |TAMS 0x00000000cb000000, 0x00000000cb000000| Untracked 
|  21|0x00000000cb100000, 0x00000000cb100000, 0x00000000cb200000|  0%| F|  |TAMS 0x00000000cb100000, 0x00000000cb100000| Untracked 
|  22|0x00000000cb200000, 0x00000000cb200000, 0x00000000cb300000|  0%| F|  |TAMS 0x00000000cb200000, 0x00000000cb200000| Untracked 
|  23|0x00000000cb300000, 0x00000000cb300000, 0x00000000cb400000|  0%| F|  |TAMS 0x00000000cb300000, 0x00000000cb300000| Untracked 
|  24|0x00000000cb400000, 0x00000000cb400000, 0x00000000cb500000|  0%| F|  |TAMS 0x00000000cb400000, 0x00000000cb400000| Untracked 
|  25|0x00000000cb500000, 0x00000000cb500000, 0x00000000cb600000|  0%| F|  |TAMS 0x00000000cb500000, 0x00000000cb500000| Untracked 
|  26|0x00000000cb600000, 0x00000000cb600000, 0x00000000cb700000|  0%| F|  |TAMS 0x00000000cb600000, 0x00000000cb600000| Untracked 
|  27|0x00000000cb700000, 0x00000000cb700000, 0x00000000cb800000|  0%| F|  |TAMS 0x00000000cb700000, 0x00000000cb700000| Untracked 
|  28|0x00000000cb800000, 0x00000000cb800000, 0x00000000cb900000|  0%| F|  |TAMS 0x00000000cb800000, 0x00000000cb800000| Untracked 
|  29|0x00000000cb900000, 0x00000000cb900000, 0x00000000cba00000|  0%| F|  |TAMS 0x00000000cb900000, 0x00000000cb900000| Untracked 
|  30|0x00000000cba00000, 0x00000000cba00000, 0x00000000cbb00000|  0%| F|  |TAMS 0x00000000cba00000, 0x00000000cba00000| Untracked 
|  31|0x00000000cbb00000, 0x00000000cbb00000, 0x00000000cbc00000|  0%| F|  |TAMS 0x00000000cbb00000, 0x00000000cbb00000| Untracked 
|  32|0x00000000cbc00000, 0x00000000cbc00000, 0x00000000cbd00000|  0%| F|  |TAMS 0x00000000cbc00000, 0x00000000cbc00000| Untracked 
|  33|0x00000000cbd00000, 0x00000000cbd00000, 0x00000000cbe00000|  0%| F|  |TAMS 0x00000000cbd00000, 0x00000000cbd00000| Untracked 
|  34|0x00000000cbe00000, 0x00000000cbe00000, 0x00000000cbf00000|  0%| F|  |TAMS 0x00000000cbe00000, 0x00000000cbe00000| Untracked 
|  35|0x00000000cbf00000, 0x00000000cbf00000, 0x00000000cc000000|  0%| F|  |TAMS 0x00000000cbf00000, 0x00000000cbf00000| Untracked 
|  36|0x00000000cc000000, 0x00000000cc000000, 0x00000000cc100000|  0%| F|  |TAMS 0x00000000cc000000, 0x00000000cc000000| Untracked 
|  37|0x00000000cc100000, 0x00000000cc100000, 0x00000000cc200000|  0%| F|  |TAMS 0x00000000cc100000, 0x00000000cc100000| Untracked 
|  38|0x00000000cc200000, 0x00000000cc200000, 0x00000000cc300000|  0%| F|  |TAMS 0x00000000cc200000, 0x00000000cc200000| Untracked 
|  39|0x00000000cc300000, 0x00000000cc300000, 0x00000000cc400000|  0%| F|  |TAMS 0x00000000cc300000, 0x00000000cc300000| Untracked 
|  40|0x00000000cc400000, 0x00000000cc400000, 0x00000000cc500000|  0%| F|  |TAMS 0x00000000cc400000, 0x00000000cc400000| Untracked 
|  41|0x00000000cc500000, 0x00000000cc500000, 0x00000000cc600000|  0%| F|  |TAMS 0x00000000cc500000, 0x00000000cc500000| Untracked 
|  42|0x00000000cc600000, 0x00000000cc600000, 0x00000000cc700000|  0%| F|  |TAMS 0x00000000cc600000, 0x00000000cc600000| Untracked 
|  43|0x00000000cc700000, 0x00000000cc700000, 0x00000000cc800000|  0%| F|  |TAMS 0x00000000cc700000, 0x00000000cc700000| Untracked 
|  44|0x00000000cc800000, 0x00000000cc800000, 0x00000000cc900000|  0%| F|  |TAMS 0x00000000cc800000, 0x00000000cc800000| Untracked 
|  45|0x00000000cc900000, 0x00000000cc900000, 0x00000000cca00000|  0%| F|  |TAMS 0x00000000cc900000, 0x00000000cc900000| Untracked 
|  46|0x00000000cca00000, 0x00000000cca00000, 0x00000000ccb00000|  0%| F|  |TAMS 0x00000000cca00000, 0x00000000cca00000| Untracked 
|  47|0x00000000ccb00000, 0x00000000ccb00000, 0x00000000ccc00000|  0%| F|  |TAMS 0x00000000ccb00000, 0x00000000ccb00000| Untracked 
|  48|0x00000000ccc00000, 0x00000000ccc00000, 0x00000000ccd00000|  0%| F|  |TAMS 0x00000000ccc00000, 0x00000000ccc00000| Untracked 
|  49|0x00000000ccd00000, 0x00000000ccd00000, 0x00000000cce00000|  0%| F|  |TAMS 0x00000000ccd00000, 0x00000000ccd00000| Untracked 
|  50|0x00000000cce00000, 0x00000000cce00000, 0x00000000ccf00000|  0%| F|  |TAMS 0x00000000cce00000, 0x00000000cce00000| Untracked 
|  51|0x00000000ccf00000, 0x00000000ccf9b230, 0x00000000cd000000| 60%| E|  |TAMS 0x00000000ccf00000, 0x00000000ccf00000| Complete 
|  52|0x00000000cd000000, 0x00000000cd0fe940, 0x00000000cd100000| 99%| E|  |TAMS 0x00000000cd000000, 0x00000000cd000000| Complete 
|  53|0x00000000cd100000, 0x00000000cd200000, 0x00000000cd200000|100%| E|CS|TAMS 0x00000000cd100000, 0x00000000cd100000| Complete 
|  54|0x00000000cd200000, 0x00000000cd300000, 0x00000000cd300000|100%| E|CS|TAMS 0x00000000cd200000, 0x00000000cd200000| Complete 
|  55|0x00000000cd300000, 0x00000000cd400000, 0x00000000cd400000|100%| E|CS|TAMS 0x00000000cd300000, 0x00000000cd300000| Complete 

Card table byte_map: [0x000001ebdbba0000,0x000001ebdbd60000] _byte_map_base: 0x000001ebdb552000

Marking Bits (Prev, Next): (CMBitMap*) 0x000001ebc5177670, (CMBitMap*) 0x000001ebc51776b0
 Prev Bits: [0x000001ebdbf20000, 0x000001ebdccb0000)
 Next Bits: [0x000001ebdccb0000, 0x000001ebdda40000)

Polling page: 0x000001ebc4910000

Metaspace:

Usage:
  Non-class:    646.48 KB used.
      Class:     70.20 KB used.
       Both:    716.68 KB used.

Virtual space:
  Non-class space:       64.00 MB reserved,     768.00 KB (  1%) committed,  1 nodes.
      Class space:        1.00 GB reserved,     128.00 KB ( <1%) committed,  1 nodes.
             Both:        1.06 GB reserved,     896.00 KB ( <1%) committed. 

Chunk freelists:
   Non-Class:  11.80 MB
       Class:  15.70 MB
        Both:  27.50 MB

MaxMetaspaceSize: unlimited
CompressedClassSpaceSize: 1.00 GB
Initial GC threshold: 21.00 MB
Current GC threshold: 21.00 MB
CDS: on
MetaspaceReclaimPolicy: balanced
 - commit_granule_bytes: 65536.
 - commit_granule_words: 8192.
 - virtual_space_node_default_size: 8388608.
 - enlarge_chunks_in_place: 1.
 - new_chunks_are_fully_committed: 0.
 - uncommit_free_chunks: 1.
 - use_allocation_guard: 0.
 - handle_deallocations: 1.


Internal statistics:

num_allocs_failed_limit: 0.
num_arena_births: 10.
num_arena_deaths: 0.
num_vsnodes_births: 2.
num_vsnodes_deaths: 0.
num_space_committed: 14.
num_space_uncommitted: 0.
num_chunks_returned_to_freelist: 0.
num_chunks_taken_from_freelist: 26.
num_chunk_merges: 0.
num_chunk_splits: 17.
num_chunks_enlarged: 12.
num_purges: 0.
num_inconsistent_stats: 0.

CodeHeap 'non-profiled nmethods': size=120000Kb used=98Kb max_used=98Kb free=119901Kb
 bounds [0x000001ebd44b0000, 0x000001ebd4720000, 0x000001ebdb9e0000]
CodeHeap 'profiled nmethods': size=120000Kb used=469Kb max_used=469Kb free=119530Kb
 bounds [0x000001ebcc9e0000, 0x000001ebccc50000, 0x000001ebd3f10000]
CodeHeap 'non-nmethods': size=5760Kb used=1105Kb max_used=1120Kb free=4654Kb
 bounds [0x000001ebd3f10000, 0x000001ebd4180000, 0x000001ebd44b0000]
 total_blobs=715 nmethods=333 adapters=295
 compilation: enabled
              stopped_count=0, restarted_count=0
 full_count=0

Compilation events (20 events):
Event: 0.467 Thread 0x000001ebc520a300  323       3       jdk.internal.ref.PhantomCleanable::<init> (49 bytes)
Event: 0.468 Thread 0x000001ebc520a300 nmethod 323 0x000001ebcca4f590 code [0x000001ebcca4f7e0, 0x000001ebcca502f8]
Event: 0.468 Thread 0x000001ebc520a300  324   !   3       jdk.internal.ref.PhantomCleanable::insert (53 bytes)
Event: 0.468 Thread 0x000001ebc520a300 nmethod 324 0x000001ebcca50690 code [0x000001ebcca50840, 0x000001ebcca50bb8]
Event: 0.468 Thread 0x000001ebc520a300  326       3       jdk.internal.ref.CleanerFactory::cleaner (4 bytes)
Event: 0.469 Thread 0x000001ebc520a300 nmethod 326 0x000001ebcca50d10 code [0x000001ebcca50ea0, 0x000001ebcca50f98]
Event: 0.469 Thread 0x000001ebc520a300  325   !   3       java.util.jar.JarFile::checkForSpecialAttributes (163 bytes)
Event: 0.470 Thread 0x000001ebc520a300 nmethod 325 0x000001ebcca51010 code [0x000001ebcca51320, 0x000001ebcca52598]
Event: 0.471 Thread 0x000001ebc520a300  327       3       sun.net.util.IPAddressUtil::scan (92 bytes)
Event: 0.472 Thread 0x000001ebc5209450  328       4       java.lang.StringLatin1::indexOf (121 bytes)
Event: 0.472 Thread 0x000001ebc520a300 nmethod 327 0x000001ebcca52d10 code [0x000001ebcca52f80, 0x000001ebcca53ab8]
Event: 0.472 Thread 0x000001ebc520a300  330       3       java.lang.String::getChars (54 bytes)
Event: 0.473 Thread 0x000001ebc520a300 nmethod 330 0x000001ebcca54010 code [0x000001ebcca54200, 0x000001ebcca54678]
Event: 0.473 Thread 0x000001ebc520a300  331       3       java.lang.StringLatin1::getChars (12 bytes)
Event: 0.473 Thread 0x000001ebc520a300 nmethod 331 0x000001ebcca54890 code [0x000001ebcca54a20, 0x000001ebcca54b48]
Event: 0.474 Thread 0x000001ebc520a300  332       3       sun.net.www.protocol.file.Handler::parseURL (18 bytes)
Event: 0.475 Thread 0x000001ebc520a300 nmethod 332 0x000001ebcca54c10 code [0x000001ebcca54dc0, 0x000001ebcca54f78]
Event: 0.475 Thread 0x000001ebc520a300  334       3       java.util.zip.Inflater::ensureOpen (47 bytes)
Event: 0.475 Thread 0x000001ebc520a300 nmethod 334 0x000001ebcca55090 code [0x000001ebcca55240, 0x000001ebcca554a8]
Event: 0.475 Thread 0x000001ebc520a300  333       3       java.net.URLStreamHandler::parseURL (1201 bytes)

GC Heap History (0 events):
No events

Deoptimization events (12 events):
Event: 0.191 Thread 0x000001ebc513f560 Uncommon trap: trap_request=0xffffff45 fr.pc=0x000001ebd44b15f4 relative=0x0000000000000074
Event: 0.191 Thread 0x000001ebc513f560 Uncommon trap: reason=unstable_if action=reinterpret pc=0x000001ebd44b15f4 method=java.lang.String.isLatin1()Z @ 10 c2
Event: 0.191 Thread 0x000001ebc513f560 DEOPT PACKING pc=0x000001ebd44b15f4 sp=0x0000006e004fec40
Event: 0.191 Thread 0x000001ebc513f560 DEOPT UNPACKING pc=0x000001ebd3f623a3 sp=0x0000006e004feb80 mode 2
Event: 0.342 Thread 0x000001ebc513f560 DEOPT PACKING pc=0x000001ebcc9f77e7 sp=0x0000006e004fa970
Event: 0.342 Thread 0x000001ebc513f560 DEOPT UNPACKING pc=0x000001ebd3f62b43 sp=0x0000006e004f9d90 mode 0
Event: 0.355 Thread 0x000001ebc513f560 DEOPT PACKING pc=0x000001ebcc9e7551 sp=0x0000006e004fa870
Event: 0.355 Thread 0x000001ebc513f560 DEOPT UNPACKING pc=0x000001ebd3f62b43 sp=0x0000006e004f9ce8 mode 0
Event: 0.472 Thread 0x000001ebc513f560 DEOPT PACKING pc=0x000001ebcca06a65 sp=0x0000006e004f9a20
Event: 0.472 Thread 0x000001ebc513f560 DEOPT UNPACKING pc=0x000001ebd3f62b43 sp=0x0000006e004f8e98 mode 0
Event: 0.481 Thread 0x000001ebc513f560 DEOPT PACKING pc=0x000001ebcca06a65 sp=0x0000006e004f9a40
Event: 0.481 Thread 0x000001ebc513f560 DEOPT UNPACKING pc=0x000001ebd3f62b43 sp=0x0000006e004f8e90 mode 0

Classes unloaded (0 events):
No events

Classes redefined (0 events):
No events

Internal exceptions (1 events):
Event: 0.458 Thread 0x000001ebc513f560 Exception <a 'java/lang/NoSuchMethodError'{0x00000000cd0d3f20}: 'int java.lang.invoke.DirectMethodHandle$Holder.invokeStaticInit(java.lang.Object, java.lang.Object)'> (0x00000000cd0d3f20) 
thrown [s\open\src\hotspot\share\interpreter\linkResolver.cpp, line 759]

VM Operations (2 events):
Event: 0.234 Executing VM operation: HandshakeAllThreads
Event: 0.234 Executing VM operation: HandshakeAllThreads done

Events (20 events):
Event: 0.464 loading class java/lang/IllegalThreadStateException
Event: 0.464 loading class java/lang/IllegalThreadStateException done
Event: 0.467 loading class java/io/FileNotFoundException
Event: 0.467 loading class java/io/FileNotFoundException done
Event: 0.469 loading class java/net/SocketAddress
Event: 0.469 loading class java/net/SocketAddress done
Event: 0.469 loading class java/net/InetSocketAddress
Event: 0.469 loading class java/net/InetSocketAddress done
Event: 0.469 loading class java/net/ConnectException
Event: 0.469 loading class java/net/SocketException
Event: 0.469 loading class java/net/SocketException done
Event: 0.469 loading class java/net/ConnectException done
Event: 0.469 loading class java/net/SocketTimeoutException
Event: 0.469 loading class java/io/InterruptedIOException
Event: 0.469 loading class java/io/InterruptedIOException done
Event: 0.469 loading class java/net/SocketTimeoutException done
Event: 0.469 loading class java/io/UncheckedIOException
Event: 0.469 loading class java/io/UncheckedIOException done
Event: 0.469 loading class java/lang/UnsupportedOperationException
Event: 0.469 loading class java/lang/UnsupportedOperationException done


Dynamic libraries:
0x00007ff7d37e0000 - 0x00007ff7d37f0000 	C:\Program Files\Java\jdk-17\bin\javaw.exe
0x00007ff846cb0000 - 0x00007ff846ec7000 	C:\WINDOWS\SYSTEM32\ntdll.dll
0x00007ff845510000 - 0x00007ff8455d4000 	C:\WINDOWS\System32\KERNEL32.DLL
0x00007ff844490000 - 0x00007ff844836000 	C:\WINDOWS\System32\KERNELBASE.dll
0x00007ff8442b0000 - 0x00007ff8443c1000 	C:\WINDOWS\System32\ucrtbase.dll
0x00007ff835920000 - 0x00007ff83593b000 	C:\Program Files\Java\jdk-17\bin\VCRUNTIME140.dll
0x00007ff8343b0000 - 0x00007ff8343c9000 	C:\Program Files\Java\jdk-17\bin\jli.dll
0x00007ff8466b0000 - 0x00007ff846761000 	C:\WINDOWS\System32\ADVAPI32.dll
0x00007ff845aa0000 - 0x00007ff845b47000 	C:\WINDOWS\System32\msvcrt.dll
0x00007ff845280000 - 0x00007ff845325000 	C:\WINDOWS\System32\sechost.dll
0x00007ff844a00000 - 0x00007ff844b17000 	C:\WINDOWS\System32\RPCRT4.dll
0x00007ff845ca0000 - 0x00007ff845e4e000 	C:\WINDOWS\System32\USER32.dll
0x00007ff844840000 - 0x00007ff844866000 	C:\WINDOWS\System32\win32u.dll
0x00007ff82bdf0000 - 0x00007ff82c083000 	C:\WINDOWS\WinSxS\amd64_microsoft.windows.common-controls_6595b64144ccf1df_6.0.22621.2506_none_270c5ae97388e100\COMCTL32.dll
0x00007ff845250000 - 0x00007ff845279000 	C:\WINDOWS\System32\GDI32.dll
0x00007ff844020000 - 0x00007ff844138000 	C:\WINDOWS\System32\gdi32full.dll
0x00007ff844960000 - 0x00007ff8449fa000 	C:\WINDOWS\System32\msvcp_win.dll
0x00007ff83c800000 - 0x00007ff83c80a000 	C:\WINDOWS\SYSTEM32\VERSION.dll
0x00007ff844e80000 - 0x00007ff844eb1000 	C:\WINDOWS\System32\IMM32.DLL
0x00007ff8343a0000 - 0x00007ff8343ac000 	C:\Program Files\Java\jdk-17\bin\vcruntime140_1.dll
0x00007ff834310000 - 0x00007ff83439e000 	C:\Program Files\Java\jdk-17\bin\msvcp140.dll
0x00007fffdae90000 - 0x00007fffdba6e000 	C:\Program Files\Java\jdk-17\bin\server\jvm.dll
0x00007ff8458f0000 - 0x00007ff8458f8000 	C:\WINDOWS\System32\PSAPI.DLL
0x00007ff83c550000 - 0x00007ff83c584000 	C:\WINDOWS\SYSTEM32\WINMM.dll
0x00007ff834300000 - 0x00007ff834309000 	C:\WINDOWS\SYSTEM32\WSOCK32.dll
0x00007ff8453c0000 - 0x00007ff845431000 	C:\WINDOWS\System32\WS2_32.dll
0x00007ff843020000 - 0x00007ff843038000 	C:\WINDOWS\SYSTEM32\kernel.appcore.dll
0x00007ff8342f0000 - 0x00007ff8342fa000 	C:\Program Files\Java\jdk-17\bin\jimage.dll
0x00007ff834c70000 - 0x00007ff834ea3000 	C:\WINDOWS\SYSTEM32\DBGHELP.DLL
0x00007ff844ec0000 - 0x00007ff845249000 	C:\WINDOWS\System32\combase.dll
0x00007ff845640000 - 0x00007ff845717000 	C:\WINDOWS\System32\OLEAUT32.dll
0x00007ff834990000 - 0x00007ff8349c2000 	C:\WINDOWS\SYSTEM32\dbgcore.DLL
0x00007ff844870000 - 0x00007ff8448ea000 	C:\WINDOWS\System32\bcryptPrimitives.dll
0x00007ff8342c0000 - 0x00007ff8342e5000 	C:\Program Files\Java\jdk-17\bin\java.dll
0x00007ff8341e0000 - 0x00007ff8342b7000 	C:\Program Files\Java\jdk-17\bin\jsvml.dll
0x00007ff845e50000 - 0x00007ff8466aa000 	C:\WINDOWS\System32\SHELL32.dll
0x00007ff841f40000 - 0x00007ff842836000 	C:\WINDOWS\SYSTEM32\windows.storage.dll
0x00007ff841e00000 - 0x00007ff841f3e000 	C:\WINDOWS\SYSTEM32\wintypes.dll
0x00007ff8459a0000 - 0x00007ff845a93000 	C:\WINDOWS\System32\SHCORE.dll
0x00007ff8455e0000 - 0x00007ff84563e000 	C:\WINDOWS\System32\shlwapi.dll
0x00007ff843f50000 - 0x00007ff843f76000 	C:\WINDOWS\SYSTEM32\profapi.dll
0x00007ff82a390000 - 0x00007ff82a3a9000 	C:\Program Files\Java\jdk-17\bin\net.dll
0x00007ff83c410000 - 0x00007ff83c547000 	C:\WINDOWS\SYSTEM32\WINHTTP.dll
0x00007ff8434a0000 - 0x00007ff843509000 	C:\WINDOWS\system32\mswsock.dll
0x00007ff80f230000 - 0x00007ff80f246000 	C:\Program Files\Java\jdk-17\bin\nio.dll
0x00007ff80dbf0000 - 0x00007ff80dc08000 	C:\Program Files\Java\jdk-17\bin\zip.dll

dbghelp: loaded successfully - version: 4.0.5 - missing functions: none
symbol engine: initialized successfully - sym options: 0x614 - pdb path: .;C:\Program Files\Java\jdk-17\bin;C:\WINDOWS\SYSTEM32;C:\WINDOWS\WinSxS\amd64_microsoft.windows.common-controls_6595b64144ccf1df_6.0.22621.2506_none_270c5ae97388e100;C:\Program Files\Java\jdk-17\bin\server

VM Arguments:
jvm_args: -Dfile.encoding=UTF-8 -Dstdout.encoding=UTF-8 -Dstderr.encoding=UTF-8 -XX:+ShowCodeDetailsInExceptionMessages 
java_command: com.testcases.www.LocatorDemo
java_class_path (initial): C:\Users\Dell\eclipse-workspace\PrachiAutomationMavenProject\target\test-classes;C:\Users\Dell\eclipse-workspace\PrachiAutomationMavenProject\target\classes;C:\Users\Dell\.m2\repository\junit\junit\4.11\junit-4.11.jar;C:\Users\Dell\.m2\repository\org\hamcrest\hamcrest-core\1.3\hamcrest-core-1.3.jar;C:\Users\Dell\.m2\repository\org\seleniumhq\selenium\selenium-java\4.15.0\selenium-java-4.15.0.jar;C:\Users\Dell\.m2\repository\org\seleniumhq\selenium\selenium-api\4.15.0\selenium-api-4.15.0.jar;C:\Users\Dell\.m2\repository\org\seleniumhq\selenium\selenium-chrome-driver\4.15.0\selenium-chrome-driver-4.15.0.jar;C:\Users\Dell\.m2\repository\com\google\auto\service\auto-service-annotations\1.1.1\auto-service-annotations-1.1.1.jar;C:\Users\Dell\.m2\repository\org\seleniumhq\selenium\selenium-chromium-driver\4.15.0\selenium-chromium-driver-4.15.0.jar;C:\Users\Dell\.m2\repository\org\seleniumhq\selenium\selenium-json\4.15.0\selenium-json-4.15.0.jar;C:\Users\Dell\.m2\repository\org\seleniumhq\selenium\selenium-manager\4.15.0\selenium-manager-4.15.0.jar;C:\Users\Dell\.m2\repository\org\seleniumhq\selenium\selenium-devtools-v117\4.15.0\selenium-devtools-v117-4.15.0.jar;C:\Users\Dell\.m2\repository\org\seleniumhq\selenium\selenium-devtools-v118\4.15.0\selenium-devtools-v118-4.15.0.jar;C:\Users\Dell\.m2\repository\org\seleniumhq\selenium\selenium-devtools-v119\4.15.0\selenium-devtools-v119-4.15.0.jar;C:\Users\Dell\.m2\repository\org\seleniumhq\selenium\selenium-devtools-v85\4.15.0\selenium-devtools-v85-4.15.0.jar;C:\Users\Dell\.m2\repository\org\seleniumhq\selenium\selenium-edge-driver\4.15.0\selenium-edge-driver-4.15.0.jar;C:\Users\Dell\.m2\repository\org\seleniumhq\selenium\selenium-firefox-driver\4.15.0\selenium-firefox-driver-4.15.0.jar;C:\Users\Dell\.m2\repository\org\seleniumhq\selenium\selenium-http\4.15.0\selenium-http-4.15.0.jar;C:\Users\Dell\.m2\repository\dev\failsafe\failsafe\3.3.2\failsafe-3.3.2.jar;C:\Users\Dell\.m2\repository\org\selenium
Launcher Type: SUN_STANDARD

[Global flags]
     intx CICompilerCount                          = 3                                         {product} {ergonomic}
     uint ConcGCThreads                            = 1                                         {product} {ergonomic}
     uint G1ConcRefinementThreads                  = 4                                         {product} {ergonomic}
   size_t G1HeapRegionSize                         = 1048576                                   {product} {ergonomic}
    uintx GCDrainStackTargetSize                   = 64                                        {product} {ergonomic}
   size_t InitialHeapSize                          = 58720256                                  {product} {ergonomic}
   size_t MarkStackSize                            = 4194304                                   {product} {ergonomic}
   size_t MaxHeapSize                              = 910163968                                 {product} {ergonomic}
   size_t MaxNewSize                               = 545259520                                 {product} {ergonomic}
   size_t MinHeapDeltaBytes                        = 1048576                                   {product} {ergonomic}
   size_t MinHeapSize                              = 8388608                                   {product} {ergonomic}
    uintx NonNMethodCodeHeapSize                   = 5832780                                {pd product} {ergonomic}
    uintx NonProfiledCodeHeapSize                  = 122912730                              {pd product} {ergonomic}
    uintx ProfiledCodeHeapSize                     = 122912730                              {pd product} {ergonomic}
    uintx ReservedCodeCacheSize                    = 251658240                              {pd product} {ergonomic}
     bool SegmentedCodeCache                       = true                                      {product} {ergonomic}
     bool ShowCodeDetailsInExceptionMessages       = true                                   {manageable} {command line}
   size_t SoftMaxHeapSize                          = 910163968                              {manageable} {ergonomic}
     bool UseCompressedClassPointers               = true                           {product lp64_product} {ergonomic}
     bool UseCompressedOops                        = true                           {product lp64_product} {ergonomic}
     bool UseG1GC                                  = true                                      {product} {ergonomic}
     bool UseLargePagesIndividualAllocation        = false                                  {pd product} {ergonomic}

Logging:
Log output configuration:
 #0: stdout all=warning uptime,level,tags
 #1: stderr all=off uptime,level,tags

Environment Variables:
JAVA_HOME=C:\Program Files\Java\jdk-17
PATH=C:\Program Files\Common Files\Oracle\Java\javapath;C:\Program Files\Zulu\zulu-11\bin\;C:\WINDOWS\system32;C:\WINDOWS;C:\WINDOWS\System32\Wbem;C:\WINDOWS\System32\WindowsPowerShell\v1.0\;C:\WINDOWS\System32\OpenSSH\;C:\Program Files\dotnet\;C:\Program Files\Java\jdk-17\bin;C:\Program Files\sfdx\bin;C:\Users\Dell\AppData\Local\Programs\Microsoft VS Code\bin;C:\sfdx.exe;;%USERPROFILE%\AppData\Local\Microsoft\WindowsApps
USERNAME=Dell
OS=Windows_NT
PROCESSOR_IDENTIFIER=AMD64 Family 23 Model 24 Stepping 1, AuthenticAMD



---------------  S Y S T E M  ---------------

OS:
 Windows 11 , 64 bit Build 22621 (10.0.22621.2506)
OS uptime: 2 days 10:48 hours

CPU: total 4 (initial active 4) (4 cores per cpu, 2 threads per core) family 23 model 24 stepping 1 microcode 0x0, cx8, cmov, fxsr, ht, mmx, 3dnowpref, sse, sse2, sse3, ssse3, sse4a, sse4.1, sse4.2, popcnt, lzcnt, tsc, tscinvbit, avx, avx2, aes, clmul, bmi1, bmi2, adx, sha, fma, vzeroupper, clflush, clflushopt

Memory: 4k page, system-wide physical 3470M (421M free)
TotalPageFile size 14222M (AvailPageFile size 0M)
current process WorkingSet (physical memory assigned to process): 42M, peak: 42M
current process commit charge ("private bytes"): 131M, peak: 131M

vm_info: Java HotSpot(TM) 64-Bit Server VM (17.0.8+9-LTS-211) for windows-amd64 JRE (17.0.8+9-LTS-211), built on Jun 14 2023 10:34:31 by "mach5one" with MS VC++ 17.1 (VS2022)

END.
